[1030/141340.736:ERROR:directory_reader_win.cc(43)] FindFirstFile: The system cannot find the path specified. (0x3)
[1030/154201.415:ERROR:directory_reader_win.cc(43)] FindFirstFile: The system cannot find the path specified. (0x3)
[1108/194233.631:ERROR:directory_reader_win.cc(43)] FindFirstFile: The system cannot find the path specified. (0x3)
[1108/194329.785:ERROR:directory_reader_win.cc(43)] FindFirstFile: The system cannot find the path specified. (0x3)
[1108/194539.673:ERROR:directory_reader_win.cc(43)] FindFirstFile: The system cannot find the path specified. (0x3)
[1109/224720.395:ERROR:process_reader_win.cc(123)] NtOpenThread: {Access Denied} A process has requested access to an object, but has not been granted those access rights. (0xc0000022)
[1109/224720.402:ERROR:exception_snapshot_win.cc(99)] thread ID 36076 not found in process
[1109/224720.404:ERROR:process_reader_win.cc(123)] NtOpenThread: {Access Denied} A process has requested access to an object, but has not been granted those access rights. (0xc0000022)
[1109/224720.404:ERROR:exception_snapshot_win.cc(99)] thread ID 11044 not found in process
[1109/225427.856:ERROR:process_reader_win.cc(123)] NtOpenThread: {Access Denied} A process has requested access to an object, but has not been granted those access rights. (0xc0000022)
[1109/225427.857:ERROR:exception_snapshot_win.cc(99)] thread ID 3908 not found in process
[1109/225427.875:ERROR:process_reader_win.cc(123)] NtOpenThread: {Access Denied} A process has requested access to an object, but has not been granted those access rights. (0xc0000022)
[1109/225427.876:ERROR:exception_snapshot_win.cc(99)] thread ID 12920 not found in process
[1109/225549.022:ERROR:process_reader_win.cc(123)] NtOpenThread: {Access Denied} A process has requested access to an object, but has not been granted those access rights. (0xc0000022)
[1109/225549.023:ERROR:exception_snapshot_win.cc(99)] thread ID 28476 not found in process
[1109/225549.022:ERROR:process_reader_win.cc(123)] NtOpenThread: {Access Denied} A process has requested access to an object, but has not been granted those access rights. (0xc0000022)
[1109/225549.023:ERROR:exception_snapshot_win.cc(99)] thread ID 37464 not found in process
[1109/225549.037:ERROR:process_reader_win.cc(123)] NtOpenThread: {Access Denied} A process has requested access to an object, but has not been granted those access rights. (0xc0000022)
[1109/225549.037:ERROR:exception_snapshot_win.cc(99)] thread ID 34364 not found in process
[1109/225920.111:ERROR:process_reader_win.cc(123)] NtOpenThread: {Access Denied} A process has requested access to an object, but has not been granted those access rights. (0xc0000022)
[1109/225920.112:ERROR:exception_snapshot_win.cc(99)] thread ID 16588 not found in process
[1109/225920.111:ERROR:process_reader_win.cc(123)] NtOpenThread: {Access Denied} A process has requested access to an object, but has not been granted those access rights. (0xc0000022)
[1109/225920.112:ERROR:exception_snapshot_win.cc(99)] thread ID 40888 not found in process
[1109/225920.126:ERROR:process_reader_win.cc(123)] NtOpenThread: {Access Denied} A process has requested access to an object, but has not been granted those access rights. (0xc0000022)
[1109/225920.127:ERROR:exception_snapshot_win.cc(99)] thread ID 38888 not found in process
[1109/225939.362:ERROR:process_reader_win.cc(123)] NtOpenThread: {Access Denied} A process has requested access to an object, but has not been granted those access rights. (0xc0000022)
[1109/225939.363:ERROR:exception_snapshot_win.cc(99)] thread ID 36076 not found in process
[1109/225939.366:ERROR:process_reader_win.cc(123)] NtOpenThread: {Access Denied} A process has requested access to an object, but has not been granted those access rights. (0xc0000022)
[1109/225939.366:ERROR:exception_snapshot_win.cc(99)] thread ID 39196 not found in process
[1109/225939.377:ERROR:process_reader_win.cc(123)] NtOpenThread: {Access Denied} A process has requested access to an object, but has not been granted those access rights. (0xc0000022)
[1109/225939.377:ERROR:exception_snapshot_win.cc(99)] thread ID 6456 not found in process
[1109/230516.201:ERROR:process_reader_win.cc(123)] NtOpenThread: {Access Denied} A process has requested access to an object, but has not been granted those access rights. (0xc0000022)
[1109/230516.204:ERROR:exception_snapshot_win.cc(99)] thread ID 37140 not found in process
[1109/230516.209:ERROR:process_reader_win.cc(123)] NtOpenThread: {Access Denied} A process has requested access to an object, but has not been granted those access rights. (0xc0000022)
[1109/230516.209:ERROR:exception_snapshot_win.cc(99)] thread ID 33104 not found in process
[1109/230516.222:ERROR:process_reader_win.cc(123)] NtOpenThread: {Access Denied} A process has requested access to an object, but has not been granted those access rights. (0xc0000022)
[1109/230516.222:ERROR:exception_snapshot_win.cc(99)] thread ID 40772 not found in process
[1109/230742.156:ERROR:process_reader_win.cc(123)] NtOpenThread: {Access Denied} A process has requested access to an object, but has not been granted those access rights. (0xc0000022)
[1109/230742.158:ERROR:exception_snapshot_win.cc(99)] thread ID 37068 not found in process
[1109/230742.165:ERROR:process_reader_win.cc(123)] NtOpenThread: {Access Denied} A process has requested access to an object, but has not been granted those access rights. (0xc0000022)
[1109/230742.166:ERROR:exception_snapshot_win.cc(99)] thread ID 25424 not found in process
[1109/230951.301:ERROR:process_reader_win.cc(123)] NtOpenThread: {Access Denied} A process has requested access to an object, but has not been granted those access rights. (0xc0000022)
[1109/230951.302:ERROR:exception_snapshot_win.cc(99)] thread ID 27240 not found in process
[1109/230951.315:ERROR:process_reader_win.cc(123)] NtOpenThread: {Access Denied} A process has requested access to an object, but has not been granted those access rights. (0xc0000022)
[1109/230951.315:ERROR:exception_snapshot_win.cc(99)] thread ID 15836 not found in process
[1109/231032.250:ERROR:process_reader_win.cc(123)] NtOpenThread: {Access Denied} A process has requested access to an object, but has not been granted those access rights. (0xc0000022)
[1109/231032.250:ERROR:process_reader_win.cc(123)] NtOpenThread: {Access Denied} A process has requested access to an object, but has not been granted those access rights. (0xc0000022)
[1109/231032.251:ERROR:exception_snapshot_win.cc(99)] thread ID 31160 not found in process
[1109/231032.251:ERROR:exception_snapshot_win.cc(99)] thread ID 17208 not found in process
[1109/231032.266:ERROR:process_reader_win.cc(123)] NtOpenThread: {Access Denied} A process has requested access to an object, but has not been granted those access rights. (0xc0000022)
[1109/231032.266:ERROR:exception_snapshot_win.cc(99)] thread ID 15496 not found in process
[1109/231226.545:ERROR:process_reader_win.cc(123)] NtOpenThread: {Access Denied} A process has requested access to an object, but has not been granted those access rights. (0xc0000022)
[1109/231226.546:ERROR:exception_snapshot_win.cc(99)] thread ID 40540 not found in process
[1109/231226.561:ERROR:process_reader_win.cc(123)] NtOpenThread: {Access Denied} A process has requested access to an object, but has not been granted those access rights. (0xc0000022)
[1109/231226.561:ERROR:exception_snapshot_win.cc(99)] thread ID 11432 not found in process
[1109/231304.018:ERROR:process_reader_win.cc(123)] NtOpenThread: {Access Denied} A process has requested access to an object, but has not been granted those access rights. (0xc0000022)
[1109/231304.020:ERROR:exception_snapshot_win.cc(99)] thread ID 38048 not found in process
[1109/231304.020:ERROR:process_reader_win.cc(123)] NtOpenThread: {Access Denied} A process has requested access to an object, but has not been granted those access rights. (0xc0000022)
[1109/231304.021:ERROR:exception_snapshot_win.cc(99)] thread ID 40908 not found in process
[1109/231304.034:ERROR:process_reader_win.cc(123)] NtOpenThread: {Access Denied} A process has requested access to an object, but has not been granted those access rights. (0xc0000022)
[1109/231304.034:ERROR:exception_snapshot_win.cc(99)] thread ID 36908 not found in process
[1109/231407.307:ERROR:process_reader_win.cc(123)] NtOpenThread: {Access Denied} A process has requested access to an object, but has not been granted those access rights. (0xc0000022)
[1109/231407.309:ERROR:exception_snapshot_win.cc(99)] thread ID 11908 not found in process
[1109/231407.313:ERROR:process_reader_win.cc(123)] NtOpenThread: {Access Denied} A process has requested access to an object, but has not been granted those access rights. (0xc0000022)
[1109/231407.314:ERROR:exception_snapshot_win.cc(99)] thread ID 30760 not found in process
[1109/231407.330:ERROR:process_reader_win.cc(123)] NtOpenThread: {Access Denied} A process has requested access to an object, but has not been granted those access rights. (0xc0000022)
[1109/231407.330:ERROR:exception_snapshot_win.cc(99)] thread ID 15468 not found in process
[1109/231423.803:ERROR:process_reader_win.cc(123)] NtOpenThread: {Access Denied} A process has requested access to an object, but has not been granted those access rights. (0xc0000022)
[1109/231423.804:ERROR:exception_snapshot_win.cc(99)] thread ID 31316 not found in process
[1109/231423.806:ERROR:process_reader_win.cc(123)] NtOpenThread: {Access Denied} A process has requested access to an object, but has not been granted those access rights. (0xc0000022)
[1109/231423.806:ERROR:exception_snapshot_win.cc(99)] thread ID 34000 not found in process
[1109/231423.822:ERROR:process_reader_win.cc(123)] NtOpenThread: {Access Denied} A process has requested access to an object, but has not been granted those access rights. (0xc0000022)
[1109/231423.822:ERROR:exception_snapshot_win.cc(99)] thread ID 36716 not found in process
[1109/231511.603:ERROR:process_reader_win.cc(123)] NtOpenThread: {Access Denied} A process has requested access to an object, but has not been granted those access rights. (0xc0000022)
[1109/231511.604:ERROR:exception_snapshot_win.cc(99)] thread ID 24376 not found in process
[1109/231511.618:ERROR:process_reader_win.cc(123)] NtOpenThread: {Access Denied} A process has requested access to an object, but has not been granted those access rights. (0xc0000022)
[1109/231511.618:ERROR:exception_snapshot_win.cc(99)] thread ID 38256 not found in process
[1109/231538.767:ERROR:process_reader_win.cc(123)] NtOpenThread: {Access Denied} A process has requested access to an object, but has not been granted those access rights. (0xc0000022)
[1109/231538.768:ERROR:exception_snapshot_win.cc(99)] thread ID 27312 not found in process
[1109/231538.782:ERROR:process_reader_win.cc(123)] NtOpenThread: {Access Denied} A process has requested access to an object, but has not been granted those access rights. (0xc0000022)
[1109/231538.782:ERROR:exception_snapshot_win.cc(99)] thread ID 1280 not found in process
[1109/231618.514:ERROR:process_reader_win.cc(123)] NtOpenThread: {Access Denied} A process has requested access to an object, but has not been granted those access rights. (0xc0000022)
[1109/231618.516:ERROR:exception_snapshot_win.cc(99)] thread ID 14544 not found in process
[1109/231618.518:ERROR:process_reader_win.cc(123)] NtOpenThread: {Access Denied} A process has requested access to an object, but has not been granted those access rights. (0xc0000022)
[1109/231618.518:ERROR:exception_snapshot_win.cc(99)] thread ID 36284 not found in process
[1109/231618.533:ERROR:process_reader_win.cc(123)] NtOpenThread: {Access Denied} A process has requested access to an object, but has not been granted those access rights. (0xc0000022)
[1109/231618.533:ERROR:exception_snapshot_win.cc(99)] thread ID 34564 not found in process
[1109/232204.666:ERROR:process_reader_win.cc(123)] NtOpenThread: {Access Denied} A process has requested access to an object, but has not been granted those access rights. (0xc0000022)
[1109/232204.662:ERROR:process_reader_win.cc(123)] NtOpenThread: {Access Denied} A process has requested access to an object, but has not been granted those access rights. (0xc0000022)
[1109/232204.681:ERROR:exception_snapshot_win.cc(99)] thread ID 20336 not found in process
[1109/232204.681:ERROR:exception_snapshot_win.cc(99)] thread ID 17976 not found in process
[1109/232204.828:ERROR:process_reader_win.cc(123)] NtOpenThread: {Access Denied} A process has requested access to an object, but has not been granted those access rights. (0xc0000022)
[1109/232204.828:ERROR:exception_snapshot_win.cc(99)] thread ID 7852 not found in process
[1109/232554.318:ERROR:process_reader_win.cc(123)] NtOpenThread: {Access Denied} A process has requested access to an object, but has not been granted those access rights. (0xc0000022)
[1109/232554.322:ERROR:process_reader_win.cc(123)] NtOpenThread: {Access Denied} A process has requested access to an object, but has not been granted those access rights. (0xc0000022)
[1109/232554.323:ERROR:exception_snapshot_win.cc(99)] thread ID 4564 not found in process
[1109/232554.323:ERROR:exception_snapshot_win.cc(99)] thread ID 33876 not found in process
[1109/232554.324:ERROR:process_reader_win.cc(123)] NtOpenThread: {Access Denied} A process has requested access to an object, but has not been granted those access rights. (0xc0000022)
[1109/232554.325:ERROR:exception_snapshot_win.cc(99)] thread ID 29080 not found in process
[1109/232554.374:ERROR:process_reader_win.cc(123)] NtOpenThread: {Access Denied} A process has requested access to an object, but has not been granted those access rights. (0xc0000022)
[1109/232554.374:ERROR:exception_snapshot_win.cc(99)] thread ID 37532 not found in process
[1109/232554.375:ERROR:process_reader_win.cc(123)] NtOpenThread: {Access Denied} A process has requested access to an object, but has not been granted those access rights. (0xc0000022)
[1109/232554.375:ERROR:exception_snapshot_win.cc(99)] thread ID 26440 not found in process
[1109/232712.555:ERROR:process_reader_win.cc(123)] NtOpenThread: {Access Denied} A process has requested access to an object, but has not been granted those access rights. (0xc0000022)
[1109/232712.562:ERROR:exception_snapshot_win.cc(99)] thread ID 13232 not found in process
[1109/232712.622:ERROR:process_reader_win.cc(123)] NtOpenThread: {Access Denied} A process has requested access to an object, but has not been granted those access rights. (0xc0000022)
[1109/232712.622:ERROR:exception_snapshot_win.cc(99)] thread ID 17640 not found in process
[1109/232809.634:ERROR:process_reader_win.cc(151)] SuspendThread: Access is denied. (0x5)
[1109/232809.637:ERROR:process_reader_win.cc(123)] NtOpenThread: {Access Denied} A process has requested access to an object, but has not been granted those access rights. (0xc0000022)
[1109/232809.654:ERROR:exception_snapshot_win.cc(99)] thread ID 4572 not found in process
[1109/232809.699:ERROR:process_reader_win.cc(123)] NtOpenThread: {Access Denied} A process has requested access to an object, but has not been granted those access rights. (0xc0000022)
[1109/232809.699:ERROR:exception_snapshot_win.cc(99)] thread ID 33500 not found in process
[1109/233003.247:ERROR:process_reader_win.cc(123)] NtOpenThread: {Access Denied} A process has requested access to an object, but has not been granted those access rights. (0xc0000022)
[1109/233003.251:ERROR:exception_snapshot_win.cc(99)] thread ID 24716 not found in process
[1109/233003.252:ERROR:process_reader_win.cc(123)] NtOpenThread: {Access Denied} A process has requested access to an object, but has not been granted those access rights. (0xc0000022)
[1109/233003.252:ERROR:exception_snapshot_win.cc(99)] thread ID 12696 not found in process
[1109/233128.268:ERROR:process_reader_win.cc(123)] NtOpenThread: {Access Denied} A process has requested access to an object, but has not been granted those access rights. (0xc0000022)
[1109/233128.271:ERROR:process_reader_win.cc(123)] NtOpenThread: {Access Denied} A process has requested access to an object, but has not been granted those access rights. (0xc0000022)
[1109/233128.272:ERROR:exception_snapshot_win.cc(99)] thread ID 38224 not found in process
[1109/233128.272:ERROR:exception_snapshot_win.cc(99)] thread ID 38428 not found in process
[1109/233128.287:ERROR:process_reader_win.cc(123)] NtOpenThread: {Access Denied} A process has requested access to an object, but has not been granted those access rights. (0xc0000022)
[1109/233128.287:ERROR:exception_snapshot_win.cc(99)] thread ID 25924 not found in process
[1109/233431.187:ERROR:process_reader_win.cc(123)] NtOpenThread: {Access Denied} A process has requested access to an object, but has not been granted those access rights. (0xc0000022)
[1109/233431.191:ERROR:exception_snapshot_win.cc(99)] thread ID 32524 not found in process
[1109/233431.243:ERROR:process_reader_win.cc(123)] NtOpenThread: {Access Denied} A process has requested access to an object, but has not been granted those access rights. (0xc0000022)
[1109/233431.243:ERROR:exception_snapshot_win.cc(99)] thread ID 36352 not found in process
[1109/233553.771:ERROR:process_reader_win.cc(123)] NtOpenThread: {Access Denied} A process has requested access to an object, but has not been granted those access rights. (0xc0000022)
[1109/233553.774:ERROR:exception_snapshot_win.cc(99)] thread ID 39268 not found in process
[1109/233553.777:ERROR:process_reader_win.cc(123)] NtOpenThread: {Access Denied} A process has requested access to an object, but has not been granted those access rights. (0xc0000022)
[1109/233553.777:ERROR:exception_snapshot_win.cc(99)] thread ID 40280 not found in process
[1109/233737.946:ERROR:process_reader_win.cc(123)] NtOpenThread: {Access Denied} A process has requested access to an object, but has not been granted those access rights. (0xc0000022)
[1109/233737.943:ERROR:process_reader_win.cc(123)] NtOpenThread: {Access Denied} A process has requested access to an object, but has not been granted those access rights. (0xc0000022)
[1109/233737.948:ERROR:exception_snapshot_win.cc(99)] thread ID 11496 not found in process
[1109/233737.946:ERROR:process_reader_win.cc(123)] NtOpenThread: {Access Denied} A process has requested access to an object, but has not been granted those access rights. (0xc0000022)
[1109/233737.951:ERROR:exception_snapshot_win.cc(99)] thread ID 30800 not found in process
[1109/233737.982:ERROR:process_reader_win.cc(123)] NtOpenThread: {Access Denied} A process has requested access to an object, but has not been granted those access rights. (0xc0000022)
[1109/233737.983:ERROR:process_reader_win.cc(123)] NtOpenThread: {Access Denied} A process has requested access to an object, but has not been granted those access rights. (0xc0000022)
[1109/233737.983:ERROR:exception_snapshot_win.cc(99)] thread ID 13748 not found in process
[1109/233737.983:ERROR:exception_snapshot_win.cc(99)] thread ID 39288 not found in process
[1109/233837.696:ERROR:process_reader_win.cc(123)] NtOpenThread: {Access Denied} A process has requested access to an object, but has not been granted those access rights. (0xc0000022)
[1109/233837.697:ERROR:exception_snapshot_win.cc(99)] thread ID 35312 not found in process
[1109/233837.746:ERROR:process_reader_win.cc(123)] NtOpenThread: {Access Denied} A process has requested access to an object, but has not been granted those access rights. (0xc0000022)
[1109/233837.746:ERROR:exception_snapshot_win.cc(99)] thread ID 27516 not found in process
[1109/233925.747:ERROR:process_reader_win.cc(123)] NtOpenThread: {Access Denied} A process has requested access to an object, but has not been granted those access rights. (0xc0000022)
[1109/233925.748:ERROR:exception_snapshot_win.cc(99)] thread ID 36172 not found in process
[1109/233925.762:ERROR:process_reader_win.cc(123)] NtOpenThread: {Access Denied} A process has requested access to an object, but has not been granted those access rights. (0xc0000022)
[1109/233925.762:ERROR:exception_snapshot_win.cc(99)] thread ID 23500 not found in process
[1109/235030.363:ERROR:process_reader_win.cc(123)] NtOpenThread: {Access Denied} A process has requested access to an object, but has not been granted those access rights. (0xc0000022)
[1109/235030.365:ERROR:exception_snapshot_win.cc(99)] thread ID 39396 not found in process
[1109/235030.375:ERROR:process_reader_win.cc(123)] NtOpenThread: {Access Denied} A process has requested access to an object, but has not been granted those access rights. (0xc0000022)
[1109/235030.375:ERROR:exception_snapshot_win.cc(99)] thread ID 36308 not found in process
[1116/203541.171:ERROR:directory_reader_win.cc(43)] FindFirstFile: The system cannot find the path specified. (0x3)
[1116/205600.930:ERROR:process_reader_win.cc(123)] NtOpenThread: {Access Denied} A process has requested access to an object, but has not been granted those access rights. (0xc0000022)
[1116/205600.932:ERROR:exception_snapshot_win.cc(99)] thread ID 20232 not found in process
[1116/205600.938:ERROR:process_reader_win.cc(123)] NtOpenThread: {Access Denied} A process has requested access to an object, but has not been granted those access rights. (0xc0000022)
[1116/205600.938:ERROR:exception_snapshot_win.cc(99)] thread ID 1300 not found in process
[1116/210248.322:ERROR:process_reader_win.cc(123)] NtOpenThread: {Access Denied} A process has requested access to an object, but has not been granted those access rights. (0xc0000022)
[1116/210248.323:ERROR:exception_snapshot_win.cc(99)] thread ID 22876 not found in process
[1116/210248.323:ERROR:process_reader_win.cc(123)] NtOpenThread: {Access Denied} A process has requested access to an object, but has not been granted those access rights. (0xc0000022)
[1116/210248.324:ERROR:exception_snapshot_win.cc(99)] thread ID 24956 not found in process
[1116/210248.337:ERROR:process_reader_win.cc(123)] NtOpenThread: {Access Denied} A process has requested access to an object, but has not been granted those access rights. (0xc0000022)
[1116/210248.337:ERROR:exception_snapshot_win.cc(99)] thread ID 6508 not found in process
[1116/210711.561:ERROR:process_reader_win.cc(123)] NtOpenThread: {Access Denied} A process has requested access to an object, but has not been granted those access rights. (0xc0000022)
[1116/210711.562:ERROR:exception_snapshot_win.cc(99)] thread ID 5604 not found in process
[1116/210711.575:ERROR:process_reader_win.cc(123)] NtOpenThread: {Access Denied} A process has requested access to an object, but has not been granted those access rights. (0xc0000022)
[1116/210711.575:ERROR:exception_snapshot_win.cc(99)] thread ID 13088 not found in process
[1116/210826.926:ERROR:process_reader_win.cc(123)] NtOpenThread: {Access Denied} A process has requested access to an object, but has not been granted those access rights. (0xc0000022)
[1116/210826.928:ERROR:exception_snapshot_win.cc(99)] thread ID 11724 not found in process
[1116/210826.930:ERROR:process_reader_win.cc(123)] NtOpenThread: {Access Denied} A process has requested access to an object, but has not been granted those access rights. (0xc0000022)
[1116/210826.930:ERROR:exception_snapshot_win.cc(99)] thread ID 9680 not found in process
[1116/210826.943:ERROR:process_reader_win.cc(123)] NtOpenThread: {Access Denied} A process has requested access to an object, but has not been granted those access rights. (0xc0000022)
[1116/210826.943:ERROR:exception_snapshot_win.cc(99)] thread ID 23748 not found in process
[1116/211847.334:ERROR:process_reader_win.cc(123)] NtOpenThread: {Access Denied} A process has requested access to an object, but has not been granted those access rights. (0xc0000022)
[1116/211847.336:ERROR:exception_snapshot_win.cc(99)] thread ID 10772 not found in process
[1116/211847.357:ERROR:process_reader_win.cc(123)] NtOpenThread: {Access Denied} A process has requested access to an object, but has not been granted those access rights. (0xc0000022)
[1116/211847.357:ERROR:exception_snapshot_win.cc(99)] thread ID 20396 not found in process
[1116/212806.951:ERROR:process_reader_win.cc(123)] NtOpenThread: {Access Denied} A process has requested access to an object, but has not been granted those access rights. (0xc0000022)
[1116/212806.953:ERROR:exception_snapshot_win.cc(99)] thread ID 5364 not found in process
[1116/212806.974:ERROR:process_reader_win.cc(123)] NtOpenThread: {Access Denied} A process has requested access to an object, but has not been granted those access rights. (0xc0000022)
[1116/212806.975:ERROR:exception_snapshot_win.cc(99)] thread ID 13012 not found in process
[1116/224654.691:ERROR:process_reader_win.cc(123)] NtOpenThread: {Access Denied} A process has requested access to an object, but has not been granted those access rights. (0xc0000022)
[1116/224654.697:ERROR:exception_snapshot_win.cc(99)] thread ID 21844 not found in process
[1116/224654.698:ERROR:process_reader_win.cc(123)] NtOpenThread: {Access Denied} A process has requested access to an object, but has not been granted those access rights. (0xc0000022)
[1116/224654.698:ERROR:exception_snapshot_win.cc(99)] thread ID 12740 not found in process
[1116/224654.724:ERROR:process_reader_win.cc(123)] NtOpenThread: {Access Denied} A process has requested access to an object, but has not been granted those access rights. (0xc0000022)
[1116/224654.725:ERROR:exception_snapshot_win.cc(99)] thread ID 19388 not found in process
[1116/224918.621:ERROR:process_reader_win.cc(123)] NtOpenThread: {Access Denied} A process has requested access to an object, but has not been granted those access rights. (0xc0000022)
[1116/224918.623:ERROR:exception_snapshot_win.cc(99)] thread ID 17312 not found in process
[1116/224918.638:ERROR:process_reader_win.cc(123)] NtOpenThread: {Access Denied} A process has requested access to an object, but has not been granted those access rights. (0xc0000022)
[1116/224918.638:ERROR:exception_snapshot_win.cc(99)] thread ID 14556 not found in process
[1116/225109.198:ERROR:process_reader_win.cc(123)] NtOpenThread: {Access Denied} A process has requested access to an object, but has not been granted those access rights. (0xc0000022)
[1116/225109.199:ERROR:exception_snapshot_win.cc(99)] thread ID 15384 not found in process
[1116/225109.213:ERROR:process_reader_win.cc(123)] NtOpenThread: {Access Denied} A process has requested access to an object, but has not been granted those access rights. (0xc0000022)
[1116/225109.214:ERROR:exception_snapshot_win.cc(99)] thread ID 13804 not found in process
[1116/225733.159:ERROR:process_reader_win.cc(123)] NtOpenThread: {Access Denied} A process has requested access to an object, but has not been granted those access rights. (0xc0000022)
[1116/225733.162:ERROR:exception_snapshot_win.cc(99)] thread ID 26008 not found in process
[1116/225733.176:ERROR:process_reader_win.cc(123)] NtOpenThread: {Access Denied} A process has requested access to an object, but has not been granted those access rights. (0xc0000022)
[1116/225733.176:ERROR:exception_snapshot_win.cc(99)] thread ID 11584 not found in process
[1116/225853.707:ERROR:process_reader_win.cc(123)] NtOpenThread: {Access Denied} A process has requested access to an object, but has not been granted those access rights. (0xc0000022)
[1116/225853.708:ERROR:process_reader_win.cc(123)] NtOpenThread: {Access Denied} A process has requested access to an object, but has not been granted those access rights. (0xc0000022)
[1116/225853.709:ERROR:exception_snapshot_win.cc(99)] thread ID 17696 not found in process
[1116/225853.709:ERROR:exception_snapshot_win.cc(99)] thread ID 17416 not found in process
[1116/225853.723:ERROR:process_reader_win.cc(123)] NtOpenThread: {Access Denied} A process has requested access to an object, but has not been granted those access rights. (0xc0000022)
[1116/225853.723:ERROR:exception_snapshot_win.cc(99)] thread ID 20816 not found in process
[1116/230018.746:ERROR:process_reader_win.cc(123)] NtOpenThread: {Access Denied} A process has requested access to an object, but has not been granted those access rights. (0xc0000022)
[1116/230018.747:ERROR:exception_snapshot_win.cc(99)] thread ID 5692 not found in process
[1116/230018.769:ERROR:process_reader_win.cc(123)] NtOpenThread: {Access Denied} A process has requested access to an object, but has not been granted those access rights. (0xc0000022)
[1116/230018.769:ERROR:exception_snapshot_win.cc(99)] thread ID 19088 not found in process
[1116/230647.629:ERROR:process_reader_win.cc(123)] NtOpenThread: {Access Denied} A process has requested access to an object, but has not been granted those access rights. (0xc0000022)
[1116/230647.630:ERROR:exception_snapshot_win.cc(99)] thread ID 19208 not found in process
[1116/230647.643:ERROR:process_reader_win.cc(123)] NtOpenThread: {Access Denied} A process has requested access to an object, but has not been granted those access rights. (0xc0000022)
[1116/230647.643:ERROR:exception_snapshot_win.cc(99)] thread ID 2496 not found in process
[1116/233128.879:ERROR:process_reader_win.cc(123)] NtOpenThread: {Access Denied} A process has requested access to an object, but has not been granted those access rights. (0xc0000022)
[1116/233128.880:ERROR:exception_snapshot_win.cc(99)] thread ID 26348 not found in process
[1116/233128.891:ERROR:process_reader_win.cc(123)] NtOpenThread: {Access Denied} A process has requested access to an object, but has not been granted those access rights. (0xc0000022)
[1116/233128.891:ERROR:exception_snapshot_win.cc(99)] thread ID 22072 not found in process
[1116/235155.872:ERROR:process_reader_win.cc(123)] NtOpenThread: {Access Denied} A process has requested access to an object, but has not been granted those access rights. (0xc0000022)
[1116/235155.874:ERROR:exception_snapshot_win.cc(99)] thread ID 11232 not found in process
[1116/235155.888:ERROR:process_reader_win.cc(123)] NtOpenThread: {Access Denied} A process has requested access to an object, but has not been granted those access rights. (0xc0000022)
[1116/235155.888:ERROR:exception_snapshot_win.cc(99)] thread ID 1632 not found in process
[1117/000002.105:ERROR:process_reader_win.cc(123)] NtOpenThread: {Access Denied} A process has requested access to an object, but has not been granted those access rights. (0xc0000022)
[1117/000002.106:ERROR:exception_snapshot_win.cc(99)] thread ID 9456 not found in process
[1117/000002.112:ERROR:process_reader_win.cc(123)] NtOpenThread: {Access Denied} A process has requested access to an object, but has not been granted those access rights. (0xc0000022)
[1117/000002.112:ERROR:exception_snapshot_win.cc(99)] thread ID 248 not found in process
[1117/000002.120:ERROR:process_reader_win.cc(123)] NtOpenThread: {Access Denied} A process has requested access to an object, but has not been granted those access rights. (0xc0000022)
[1117/000002.121:ERROR:exception_snapshot_win.cc(99)] thread ID 24496 not found in process
[1120/220814.385:ERROR:process_reader_win.cc(123)] NtOpenThread: {Access Denied} A process has requested access to an object, but has not been granted those access rights. (0xc0000022)
[1120/220814.388:ERROR:exception_snapshot_win.cc(99)] thread ID 11084 not found in process
[1120/220814.390:ERROR:process_reader_win.cc(123)] NtOpenThread: {Access Denied} A process has requested access to an object, but has not been granted those access rights. (0xc0000022)
[1120/220814.390:ERROR:exception_snapshot_win.cc(99)] thread ID 23784 not found in process
[1120/220941.318:ERROR:process_reader_win.cc(123)] NtOpenThread: {Access Denied} A process has requested access to an object, but has not been granted those access rights. (0xc0000022)
[1120/220941.320:ERROR:exception_snapshot_win.cc(99)] thread ID 8968 not found in process
[1120/220941.331:ERROR:process_reader_win.cc(123)] NtOpenThread: {Access Denied} A process has requested access to an object, but has not been granted those access rights. (0xc0000022)
[1120/220941.331:ERROR:exception_snapshot_win.cc(99)] thread ID 20408 not found in process
[1120/221225.681:ERROR:process_reader_win.cc(123)] NtOpenThread: {Access Denied} A process has requested access to an object, but has not been granted those access rights. (0xc0000022)
[1120/221225.682:ERROR:exception_snapshot_win.cc(99)] thread ID 25816 not found in process
[1120/221225.695:ERROR:process_reader_win.cc(123)] NtOpenThread: {Access Denied} A process has requested access to an object, but has not been granted those access rights. (0xc0000022)
[1120/221225.695:ERROR:exception_snapshot_win.cc(99)] thread ID 29936 not found in process
[1120/230316.775:ERROR:process_reader_win.cc(123)] NtOpenThread: {Access Denied} A process has requested access to an object, but has not been granted those access rights. (0xc0000022)
[1120/230316.777:ERROR:exception_snapshot_win.cc(99)] thread ID 21496 not found in process
[1120/230316.788:ERROR:process_reader_win.cc(123)] NtOpenThread: {Access Denied} A process has requested access to an object, but has not been granted those access rights. (0xc0000022)
[1120/230316.788:ERROR:exception_snapshot_win.cc(99)] thread ID 11040 not found in process
[1120/230344.650:ERROR:process_reader_win.cc(123)] NtOpenThread: {Access Denied} A process has requested access to an object, but has not been granted those access rights. (0xc0000022)
[1120/230344.651:ERROR:exception_snapshot_win.cc(99)] thread ID 31264 not found in process
[1120/230344.663:ERROR:process_reader_win.cc(123)] NtOpenThread: {Access Denied} A process has requested access to an object, but has not been granted those access rights. (0xc0000022)
[1120/230344.664:ERROR:exception_snapshot_win.cc(99)] thread ID 23852 not found in process
[1120/230717.193:ERROR:process_reader_win.cc(123)] NtOpenThread: {Access Denied} A process has requested access to an object, but has not been granted those access rights. (0xc0000022)
[1120/230717.195:ERROR:exception_snapshot_win.cc(99)] thread ID 27668 not found in process
[1120/230717.211:ERROR:process_reader_win.cc(123)] NtOpenThread: {Access Denied} A process has requested access to an object, but has not been granted those access rights. (0xc0000022)
[1120/230717.211:ERROR:exception_snapshot_win.cc(99)] thread ID 21696 not found in process
[1120/231114.657:ERROR:process_reader_win.cc(151)] SuspendThread: Access is denied. (0x5)
[1120/231114.659:ERROR:process_reader_win.cc(151)] SuspendThread: Access is denied. (0x5)
[1120/231114.659:ERROR:process_reader_win.cc(123)] NtOpenThread: {Access Denied} A process has requested access to an object, but has not been granted those access rights. (0xc0000022)
[1120/231114.660:ERROR:exception_snapshot_win.cc(99)] thread ID 20592 not found in process
[1120/231114.663:ERROR:process_reader_win.cc(151)] SuspendThread: Access is denied. (0x5)
[1120/231114.664:ERROR:process_reader_win.cc(123)] NtOpenThread: {Access Denied} A process has requested access to an object, but has not been granted those access rights. (0xc0000022)
[1120/231114.664:ERROR:exception_snapshot_win.cc(99)] thread ID 27892 not found in process
[1120/231114.668:ERROR:process_reader_win.cc(151)] SuspendThread: Access is denied. (0x5)
[1120/231114.669:ERROR:process_reader_win.cc(151)] SuspendThread: Access is denied. (0x5)
[1120/231114.669:ERROR:process_reader_win.cc(123)] NtOpenThread: {Access Denied} A process has requested access to an object, but has not been granted those access rights. (0xc0000022)
[1120/231114.670:ERROR:exception_snapshot_win.cc(99)] thread ID 30016 not found in process
[1120/231114.677:ERROR:process_reader_win.cc(151)] SuspendThread: Access is denied. (0x5)
[1120/231114.678:ERROR:process_reader_win.cc(123)] NtOpenThread: {Access Denied} A process has requested access to an object, but has not been granted those access rights. (0xc0000022)
[1120/231114.678:ERROR:exception_snapshot_win.cc(99)] thread ID 26692 not found in process
[1120/231114.693:ERROR:process_reader_win.cc(123)] NtOpenThread: {Access Denied} A process has requested access to an object, but has not been granted those access rights. (0xc0000022)
[1120/231114.693:ERROR:exception_snapshot_win.cc(99)] thread ID 25064 not found in process
[1120/231350.497:ERROR:process_reader_win.cc(123)] NtOpenThread: {Access Denied} A process has requested access to an object, but has not been granted those access rights. (0xc0000022)
[1120/231350.498:ERROR:exception_snapshot_win.cc(99)] thread ID 29056 not found in process
[1120/231350.507:ERROR:process_reader_win.cc(123)] NtOpenThread: {Access Denied} A process has requested access to an object, but has not been granted those access rights. (0xc0000022)
[1120/231350.507:ERROR:exception_snapshot_win.cc(99)] thread ID 27572 not found in process
[1120/231439.362:ERROR:process_reader_win.cc(123)] NtOpenThread: {Access Denied} A process has requested access to an object, but has not been granted those access rights. (0xc0000022)
[1120/231439.363:ERROR:exception_snapshot_win.cc(99)] thread ID 10892 not found in process
[1120/231439.378:ERROR:process_reader_win.cc(123)] NtOpenThread: {Access Denied} A process has requested access to an object, but has not been granted those access rights. (0xc0000022)
[1120/231439.378:ERROR:exception_snapshot_win.cc(99)] thread ID 28012 not found in process
[1123/101904.380:ERROR:process_reader_win.cc(123)] NtOpenThread: {Access Denied} A process has requested access to an object, but has not been granted those access rights. (0xc0000022)
[1123/101904.387:ERROR:exception_snapshot_win.cc(99)] thread ID 35172 not found in process
[1123/101904.391:ERROR:process_reader_win.cc(123)] NtOpenThread: {Access Denied} A process has requested access to an object, but has not been granted those access rights. (0xc0000022)
[1123/101904.391:ERROR:exception_snapshot_win.cc(99)] thread ID 24756 not found in process
[1123/101904.442:ERROR:process_reader_win.cc(123)] NtOpenThread: {Access Denied} A process has requested access to an object, but has not been granted those access rights. (0xc0000022)
[1123/101904.443:ERROR:exception_snapshot_win.cc(99)] thread ID 17396 not found in process
[1123/105306.008:ERROR:process_reader_win.cc(123)] NtOpenThread: {Access Denied} A process has requested access to an object, but has not been granted those access rights. (0xc0000022)
[1123/105306.010:ERROR:exception_snapshot_win.cc(99)] thread ID 23096 not found in process
[1123/105306.012:ERROR:process_reader_win.cc(123)] NtOpenThread: {Access Denied} A process has requested access to an object, but has not been granted those access rights. (0xc0000022)
[1123/105306.012:ERROR:exception_snapshot_win.cc(99)] thread ID 11328 not found in process
[1123/105306.049:ERROR:process_reader_win.cc(123)] NtOpenThread: {Access Denied} A process has requested access to an object, but has not been granted those access rights. (0xc0000022)
[1123/105306.051:ERROR:exception_snapshot_win.cc(99)] thread ID 35340 not found in process
[1123/105306.039:ERROR:process_reader_win.cc(123)] NtOpenThread: {Access Denied} A process has requested access to an object, but has not been granted those access rights. (0xc0000022)
[1123/105306.056:ERROR:exception_snapshot_win.cc(99)] thread ID 24604 not found in process
[1123/105306.071:ERROR:process_reader_win.cc(123)] NtOpenThread: {Access Denied} A process has requested access to an object, but has not been granted those access rights. (0xc0000022)
[1123/105306.071:ERROR:exception_snapshot_win.cc(99)] thread ID 35352 not found in process
[1123/105454.359:ERROR:process_reader_win.cc(123)] NtOpenThread: {Access Denied} A process has requested access to an object, but has not been granted those access rights. (0xc0000022)
[1123/105454.363:ERROR:exception_snapshot_win.cc(99)] thread ID 4496 not found in process
[1123/105454.369:ERROR:process_reader_win.cc(123)] NtOpenThread: {Access Denied} A process has requested access to an object, but has not been granted those access rights. (0xc0000022)
[1123/105454.370:ERROR:exception_snapshot_win.cc(99)] thread ID 27700 not found in process
[1123/105454.378:ERROR:process_reader_win.cc(123)] NtOpenThread: {Access Denied} A process has requested access to an object, but has not been granted those access rights. (0xc0000022)
[1123/105454.381:ERROR:exception_snapshot_win.cc(99)] thread ID 33088 not found in process
[1123/105454.401:ERROR:process_reader_win.cc(123)] NtOpenThread: {Access Denied} A process has requested access to an object, but has not been granted those access rights. (0xc0000022)
[1123/105454.401:ERROR:process_reader_win.cc(123)] NtOpenThread: {Access Denied} A process has requested access to an object, but has not been granted those access rights. (0xc0000022)
[1123/105454.402:ERROR:exception_snapshot_win.cc(99)] thread ID 17520 not found in process
[1123/105454.402:ERROR:exception_snapshot_win.cc(99)] thread ID 11120 not found in process
[1123/105629.946:ERROR:process_reader_win.cc(123)] NtOpenThread: {Access Denied} A process has requested access to an object, but has not been granted those access rights. (0xc0000022)
[1123/105629.951:ERROR:exception_snapshot_win.cc(99)] thread ID 27180 not found in process
[1123/105629.969:ERROR:process_reader_win.cc(123)] NtOpenThread: {Access Denied} A process has requested access to an object, but has not been granted those access rights. (0xc0000022)
[1123/105629.975:ERROR:exception_snapshot_win.cc(99)] thread ID 14136 not found in process
[1123/105630.027:ERROR:process_reader_win.cc(123)] NtOpenThread: {Access Denied} A process has requested access to an object, but has not been granted those access rights. (0xc0000022)
[1123/105630.027:ERROR:exception_snapshot_win.cc(99)] thread ID 30904 not found in process
[1123/105630.031:ERROR:process_reader_win.cc(123)] NtOpenThread: {Access Denied} A process has requested access to an object, but has not been granted those access rights. (0xc0000022)
[1123/105630.032:ERROR:exception_snapshot_win.cc(99)] thread ID 34384 not found in process
[1123/105745.265:ERROR:process_reader_win.cc(123)] NtOpenThread: {Access Denied} A process has requested access to an object, but has not been granted those access rights. (0xc0000022)
[1123/105745.268:ERROR:exception_snapshot_win.cc(99)] thread ID 35372 not found in process
[1123/105745.273:ERROR:process_reader_win.cc(123)] NtOpenThread: {Access Denied} A process has requested access to an object, but has not been granted those access rights. (0xc0000022)
[1123/105745.285:ERROR:exception_snapshot_win.cc(99)] thread ID 28932 not found in process
[1123/105745.322:ERROR:process_reader_win.cc(123)] NtOpenThread: {Access Denied} A process has requested access to an object, but has not been granted those access rights. (0xc0000022)
[1123/105745.322:ERROR:exception_snapshot_win.cc(99)] thread ID 24356 not found in process
[1123/105745.327:ERROR:process_reader_win.cc(123)] NtOpenThread: {Access Denied} A process has requested access to an object, but has not been granted those access rights. (0xc0000022)
[1123/105745.328:ERROR:exception_snapshot_win.cc(99)] thread ID 30668 not found in process
[1123/113914.158:ERROR:directory_reader_win.cc(43)] FindFirstFile: The system cannot find the path specified. (0x3)
[1124/222807.175:ERROR:process_reader_win.cc(123)] NtOpenThread: {Access Denied} A process has requested access to an object, but has not been granted those access rights. (0xc0000022)
[1124/222807.175:ERROR:process_reader_win.cc(123)] NtOpenThread: {Access Denied} A process has requested access to an object, but has not been granted those access rights. (0xc0000022)
[1124/222807.180:ERROR:exception_snapshot_win.cc(99)] thread ID 39648 not found in process
[1124/222807.180:ERROR:exception_snapshot_win.cc(99)] thread ID 35224 not found in process
[1124/222807.215:ERROR:process_reader_win.cc(123)] NtOpenThread: {Access Denied} A process has requested access to an object, but has not been granted those access rights. (0xc0000022)
[1124/222807.215:ERROR:process_reader_win.cc(123)] NtOpenThread: {Access Denied} A process has requested access to an object, but has not been granted those access rights. (0xc0000022)
[1124/222807.215:ERROR:exception_snapshot_win.cc(99)] thread ID 10296 not found in process
[1124/222807.215:ERROR:exception_snapshot_win.cc(99)] thread ID 40064 not found in process
[1124/223055.703:ERROR:process_reader_win.cc(123)] NtOpenThread: {Access Denied} A process has requested access to an object, but has not been granted those access rights. (0xc0000022)
[1124/223055.704:ERROR:exception_snapshot_win.cc(99)] thread ID 10728 not found in process
[1124/223055.717:ERROR:process_reader_win.cc(123)] NtOpenThread: {Access Denied} A process has requested access to an object, but has not been granted those access rights. (0xc0000022)
[1124/223055.717:ERROR:exception_snapshot_win.cc(99)] thread ID 32200 not found in process
[1124/223216.004:ERROR:process_reader_win.cc(123)] NtOpenThread: {Access Denied} A process has requested access to an object, but has not been granted those access rights. (0xc0000022)
[1124/223216.006:ERROR:exception_snapshot_win.cc(99)] thread ID 3040 not found in process
[1124/223216.018:ERROR:process_reader_win.cc(123)] NtOpenThread: {Access Denied} A process has requested access to an object, but has not been granted those access rights. (0xc0000022)
[1124/223216.018:ERROR:exception_snapshot_win.cc(99)] thread ID 12412 not found in process
[1124/223538.643:ERROR:process_reader_win.cc(123)] NtOpenThread: {Access Denied} A process has requested access to an object, but has not been granted those access rights. (0xc0000022)
[1124/223538.646:ERROR:exception_snapshot_win.cc(99)] thread ID 30556 not found in process
[1124/223538.653:ERROR:process_reader_win.cc(123)] NtOpenThread: {Access Denied} A process has requested access to an object, but has not been granted those access rights. (0xc0000022)
[1124/223538.654:ERROR:exception_snapshot_win.cc(99)] thread ID 37308 not found in process
[1124/223538.670:ERROR:process_reader_win.cc(123)] NtOpenThread: {Access Denied} A process has requested access to an object, but has not been granted those access rights. (0xc0000022)
[1124/223538.670:ERROR:process_reader_win.cc(123)] NtOpenThread: {Access Denied} A process has requested access to an object, but has not been granted those access rights. (0xc0000022)
[1124/223538.670:ERROR:exception_snapshot_win.cc(99)] thread ID 37640 not found in process
[1124/223538.670:ERROR:exception_snapshot_win.cc(99)] thread ID 39468 not found in process
[1124/223557.510:ERROR:process_reader_win.cc(123)] NtOpenThread: {Access Denied} A process has requested access to an object, but has not been granted those access rights. (0xc0000022)
[1124/223557.510:ERROR:process_reader_win.cc(123)] NtOpenThread: {Access Denied} A process has requested access to an object, but has not been granted those access rights. (0xc0000022)
[1124/223557.512:ERROR:exception_snapshot_win.cc(99)] thread ID 38492 not found in process
[1124/223557.512:ERROR:exception_snapshot_win.cc(99)] thread ID 29800 not found in process
[1124/223557.534:ERROR:process_reader_win.cc(123)] NtOpenThread: {Access Denied} A process has requested access to an object, but has not been granted those access rights. (0xc0000022)
[1124/223557.534:ERROR:process_reader_win.cc(123)] NtOpenThread: {Access Denied} A process has requested access to an object, but has not been granted those access rights. (0xc0000022)
[1124/223557.534:ERROR:exception_snapshot_win.cc(99)] thread ID 36644 not found in process
[1124/223557.535:ERROR:exception_snapshot_win.cc(99)] thread ID 40048 not found in process
[1124/230227.220:ERROR:process_reader_win.cc(123)] NtOpenThread: {Access Denied} A process has requested access to an object, but has not been granted those access rights. (0xc0000022)
[1124/230227.220:ERROR:process_reader_win.cc(123)] NtOpenThread: {Access Denied} A process has requested access to an object, but has not been granted those access rights. (0xc0000022)
[1124/230227.226:ERROR:exception_snapshot_win.cc(99)] thread ID 34844 not found in process
[1124/230227.226:ERROR:exception_snapshot_win.cc(99)] thread ID 8188 not found in process
[1124/230227.228:ERROR:process_reader_win.cc(123)] NtOpenThread: {Access Denied} A process has requested access to an object, but has not been granted those access rights. (0xc0000022)
[1124/230227.230:ERROR:exception_snapshot_win.cc(99)] thread ID 40488 not found in process
[1124/230227.401:ERROR:process_reader_win.cc(123)] NtOpenThread: {Access Denied} A process has requested access to an object, but has not been granted those access rights. (0xc0000022)
[1124/230227.402:ERROR:exception_snapshot_win.cc(99)] thread ID 1568 not found in process
[1124/230227.403:ERROR:process_reader_win.cc(123)] NtOpenThread: {Access Denied} A process has requested access to an object, but has not been granted those access rights. (0xc0000022)
[1124/230227.403:ERROR:exception_snapshot_win.cc(99)] thread ID 36920 not found in process
[1124/230610.722:ERROR:process_reader_win.cc(123)] NtOpenThread: {Access Denied} A process has requested access to an object, but has not been granted those access rights. (0xc0000022)
[1124/230610.725:ERROR:exception_snapshot_win.cc(99)] thread ID 26188 not found in process
[1124/230610.727:ERROR:process_reader_win.cc(123)] NtOpenThread: {Access Denied} A process has requested access to an object, but has not been granted those access rights. (0xc0000022)
[1124/230610.727:ERROR:exception_snapshot_win.cc(99)] thread ID 35624 not found in process
[1124/230610.732:ERROR:process_reader_win.cc(123)] NtOpenThread: {Access Denied} A process has requested access to an object, but has not been granted those access rights. (0xc0000022)
[1124/230610.736:ERROR:exception_snapshot_win.cc(99)] thread ID 12560 not found in process
[1124/230610.773:ERROR:process_reader_win.cc(123)] NtOpenThread: {Access Denied} A process has requested access to an object, but has not been granted those access rights. (0xc0000022)
[1124/230610.774:ERROR:exception_snapshot_win.cc(99)] thread ID 32100 not found in process
[1124/230610.774:ERROR:process_reader_win.cc(123)] NtOpenThread: {Access Denied} A process has requested access to an object, but has not been granted those access rights. (0xc0000022)
[1124/230610.774:ERROR:exception_snapshot_win.cc(99)] thread ID 38620 not found in process
[1124/231331.966:ERROR:process_reader_win.cc(123)] NtOpenThread: {Access Denied} A process has requested access to an object, but has not been granted those access rights. (0xc0000022)
[1124/231331.968:ERROR:exception_snapshot_win.cc(99)] thread ID 40660 not found in process
[1124/231331.973:ERROR:process_reader_win.cc(123)] NtOpenThread: {Access Denied} A process has requested access to an object, but has not been granted those access rights. (0xc0000022)
[1124/231331.974:ERROR:exception_snapshot_win.cc(99)] thread ID 39520 not found in process
[1124/231332.001:ERROR:process_reader_win.cc(123)] NtOpenThread: {Access Denied} A process has requested access to an object, but has not been granted those access rights. (0xc0000022)
[1124/231332.002:ERROR:exception_snapshot_win.cc(99)] thread ID 19280 not found in process
[1124/231332.006:ERROR:process_reader_win.cc(123)] NtOpenThread: {Access Denied} A process has requested access to an object, but has not been granted those access rights. (0xc0000022)
[1124/231332.007:ERROR:exception_snapshot_win.cc(99)] thread ID 40820 not found in process
[1124/232849.828:ERROR:process_reader_win.cc(123)] NtOpenThread: {Access Denied} A process has requested access to an object, but has not been granted those access rights. (0xc0000022)
[1124/232849.830:ERROR:exception_snapshot_win.cc(99)] thread ID 40356 not found in process
[1124/232849.842:ERROR:process_reader_win.cc(123)] NtOpenThread: {Access Denied} A process has requested access to an object, but has not been granted those access rights. (0xc0000022)
[1124/232849.843:ERROR:exception_snapshot_win.cc(99)] thread ID 11288 not found in process
[1124/232849.843:ERROR:process_reader_win.cc(123)] NtOpenThread: {Access Denied} A process has requested access to an object, but has not been granted those access rights. (0xc0000022)
[1124/232849.843:ERROR:process_reader_win.cc(123)] NtOpenThread: {Access Denied} A process has requested access to an object, but has not been granted those access rights. (0xc0000022)
[1124/232849.843:ERROR:exception_snapshot_win.cc(99)] thread ID 36872 not found in process
[1124/232849.843:ERROR:exception_snapshot_win.cc(99)] thread ID 39524 not found in process
[1124/233218.976:ERROR:process_reader_win.cc(123)] NtOpenThread: {Access Denied} A process has requested access to an object, but has not been granted those access rights. (0xc0000022)
[1124/233218.978:ERROR:exception_snapshot_win.cc(99)] thread ID 20012 not found in process
[1124/233219.001:ERROR:process_reader_win.cc(123)] NtOpenThread: {Access Denied} A process has requested access to an object, but has not been granted those access rights. (0xc0000022)
[1124/233219.001:ERROR:exception_snapshot_win.cc(99)] thread ID 34752 not found in process
[1127/223737.063:ERROR:process_reader_win.cc(123)] NtOpenThread: {Access Denied} A process has requested access to an object, but has not been granted those access rights. (0xc0000022)
[1127/223737.063:ERROR:process_reader_win.cc(123)] NtOpenThread: {Access Denied} A process has requested access to an object, but has not been granted those access rights. (0xc0000022)
[1127/223737.080:ERROR:process_reader_win.cc(123)] NtOpenThread: {Access Denied} A process has requested access to an object, but has not been granted those access rights. (0xc0000022)
[1127/223737.079:ERROR:process_reader_win.cc(123)] NtOpenThread: {Access Denied} A process has requested access to an object, but has not been granted those access rights. (0xc0000022)
[1127/223737.088:ERROR:exception_snapshot_win.cc(99)] thread ID 41888 not found in process
[1127/223737.088:ERROR:exception_snapshot_win.cc(99)] thread ID 29948 not found in process
[1127/223737.088:ERROR:exception_snapshot_win.cc(99)] thread ID 27732 not found in process
[1127/223737.088:ERROR:exception_snapshot_win.cc(99)] thread ID 42756 not found in process
[1127/225026.075:ERROR:process_reader_win.cc(123)] NtOpenThread: {Access Denied} A process has requested access to an object, but has not been granted those access rights. (0xc0000022)
[1127/225026.076:ERROR:exception_snapshot_win.cc(99)] thread ID 31844 not found in process
[1127/225026.076:ERROR:process_reader_win.cc(123)] NtOpenThread: {Access Denied} A process has requested access to an object, but has not been granted those access rights. (0xc0000022)
[1127/225026.077:ERROR:exception_snapshot_win.cc(99)] thread ID 33916 not found in process
[1127/225026.100:ERROR:process_reader_win.cc(123)] NtOpenThread: {Access Denied} A process has requested access to an object, but has not been granted those access rights. (0xc0000022)
[1127/225026.100:ERROR:process_reader_win.cc(123)] NtOpenThread: {Access Denied} A process has requested access to an object, but has not been granted those access rights. (0xc0000022)
[1127/225026.100:ERROR:exception_snapshot_win.cc(99)] thread ID 38196 not found in process
[1127/225026.100:ERROR:exception_snapshot_win.cc(99)] thread ID 34488 not found in process
[1127/234451.829:ERROR:process_reader_win.cc(123)] NtOpenThread: {Access Denied} A process has requested access to an object, but has not been granted those access rights. (0xc0000022)
[1127/234451.831:ERROR:exception_snapshot_win.cc(99)] thread ID 37628 not found in process
[1127/234451.842:ERROR:process_reader_win.cc(123)] NtOpenThread: {Access Denied} A process has requested access to an object, but has not been granted those access rights. (0xc0000022)
[1127/234451.842:ERROR:exception_snapshot_win.cc(99)] thread ID 28452 not found in process
