2020-12-04 22:29:30,080-INFO-FILE:main.py-FUNC:main-LINE:15-Started scraping!
2020-12-04 22:29:37,224-INFO-FILE:AtpClasses.py-FUNC:tournament_data-LINE:574-Scraping results from year https://www.atptour.com/en/scores/results-archive?year=2020&tournamentType=atpgs. scraping <class 'filter'> tournaments.
2020-12-04 22:29:37,313-INFO-FILE:AtpClasses.py-FUNC:tournament_data-LINE:582-Scraping tournament of type: atpgs
2020-12-04 22:29:37,467-INFO-FILE:AtpClasses.py-FUNC:_save_into_table-LINE:518-Scraped tournament ATP Cup - 2020 and updated DB successfully!
2020-12-04 22:29:37,472-INFO-FILE:AtpClasses.py-FUNC:save_into_table-LINE:149-Added Serbia into the DB
2020-12-04 22:29:37,569-INFO-FILE:AtpClasses.py-FUNC:_save_into_table_champion-LINE:498-Updated champions table successfully!
2020-12-04 22:29:37,728-INFO-FILE:AtpClasses.py-FUNC:tournament_data-LINE:582-Scraping tournament of type: atpgs
2020-12-04 22:29:37,942-INFO-FILE:AtpClasses.py-FUNC:_save_into_table-LINE:518-Scraped tournament Doha - 2020 and updated DB successfully!
2020-12-04 22:29:43,815-INFO-FILE:AtpClasses.py-FUNC:save_into_table-LINE:226-Added andrey rublev into the DB
2020-12-04 22:29:43,822-INFO-FILE:AtpClasses.py-FUNC:_save_into_table_champion-LINE:480-Updated champions table successfully!
2020-12-04 22:29:49,527-INFO-FILE:AtpClasses.py-FUNC:save_into_table-LINE:226-Added rohan bopanna into the DB
2020-12-04 22:29:49,535-INFO-FILE:AtpClasses.py-FUNC:_save_into_table_champion-LINE:480-Updated champions table successfully!
2020-12-04 22:29:55,240-INFO-FILE:AtpClasses.py-FUNC:save_into_table-LINE:226-Added wesley koolhof into the DB
2020-12-04 22:29:55,249-INFO-FILE:AtpClasses.py-FUNC:_save_into_table_champion-LINE:480-Updated champions table successfully!
2020-12-04 22:29:55,390-INFO-FILE:AtpClasses.py-FUNC:tournament_data-LINE:582-Scraping tournament of type: atpgs
2020-12-04 22:29:55,594-INFO-FILE:AtpClasses.py-FUNC:_save_into_table-LINE:518-Scraped tournament Adelaide - 2020 and updated DB successfully!
2020-12-04 22:29:55,601-INFO-FILE:AtpClasses.py-FUNC:check_player_exist-LINE:265-andrey rublev already exists in players table.
2020-12-04 22:29:55,609-INFO-FILE:AtpClasses.py-FUNC:check_player_exist-LINE:265-andrey rublev already exists in players table.
2020-12-04 22:29:55,616-INFO-FILE:AtpClasses.py-FUNC:_save_into_table_champion-LINE:480-Updated champions table successfully!
2020-12-04 22:30:36,939-INFO-FILE:main.py-FUNC:main-LINE:15-Started scraping!
2020-12-04 22:30:42,652-INFO-FILE:AtpClasses.py-FUNC:tournament_data-LINE:574-Scraping results from year https://www.atptour.com/en/scores/results-archive?year=2020&tournamentType=atpgs. scraping <class 'filter'> tournaments.
2020-12-04 22:30:42,731-INFO-FILE:AtpClasses.py-FUNC:tournament_data-LINE:582-Scraping tournament of type: atpgs
2020-12-04 22:30:42,949-INFO-FILE:AtpClasses.py-FUNC:_check_tournament_exist-LINE:553-This tournament: ATP Cup - 2020 was already scraped before, and is '
                                        already located in the DB
2020-12-04 22:30:42,951-INFO-FILE:AtpClasses.py-FUNC:check_exist-LINE:180-Team Serbia already exists in teams table.
2020-12-04 22:30:42,952-INFO-FILE:AtpClasses.py-FUNC:get_from_table-LINE:141-Got id of team Serbia
2020-12-04 22:30:42,958-INFO-FILE:AtpClasses.py-FUNC:check_champ_exists-LINE:165-Tournament 380 and winner Serbia already exist in DB
2020-12-04 22:30:42,958-INFO-FILE:AtpClasses.py-FUNC:_save_into_table_champion-LINE:502-Team Serbia already saved as the winner in tournament ATP Cup.
2020-12-04 22:30:43,045-INFO-FILE:AtpClasses.py-FUNC:tournament_data-LINE:582-Scraping tournament of type: atpgs
2020-12-04 22:30:43,259-INFO-FILE:AtpClasses.py-FUNC:_check_tournament_exist-LINE:553-This tournament: Doha - 2020 was already scraped before, and is '
                                        already located in the DB
2020-12-04 22:30:43,266-INFO-FILE:AtpClasses.py-FUNC:check_player_exist-LINE:265-andrey rublev already exists in players table.
2020-12-04 22:30:43,268-INFO-FILE:AtpClasses.py-FUNC:check_player_exist-LINE:265-andrey rublev already exists in players table.
2020-12-04 22:30:43,269-INFO-FILE:AtpClasses.py-FUNC:check_champ_exists-LINE:243-Tournament 381 and player andrey already exists in DB
2020-12-04 22:30:43,269-INFO-FILE:AtpClasses.py-FUNC:_save_into_table_champion-LINE:484-Player andrey rublev already saved as the winner of tournament Doha.
2020-12-04 22:30:43,270-INFO-FILE:AtpClasses.py-FUNC:check_player_exist-LINE:265-rohan bopanna already exists in players table.
2020-12-04 22:30:43,271-INFO-FILE:AtpClasses.py-FUNC:check_player_exist-LINE:265-rohan bopanna already exists in players table.
2020-12-04 22:30:43,272-INFO-FILE:AtpClasses.py-FUNC:check_champ_exists-LINE:243-Tournament 381 and player rohan already exists in DB
2020-12-04 22:30:43,272-INFO-FILE:AtpClasses.py-FUNC:_save_into_table_champion-LINE:484-Player rohan bopanna already saved as the winner of tournament Doha.
2020-12-04 22:30:43,273-INFO-FILE:AtpClasses.py-FUNC:check_player_exist-LINE:265-wesley koolhof already exists in players table.
2020-12-04 22:30:43,274-INFO-FILE:AtpClasses.py-FUNC:check_player_exist-LINE:265-wesley koolhof already exists in players table.
2020-12-04 22:30:43,275-INFO-FILE:AtpClasses.py-FUNC:check_champ_exists-LINE:243-Tournament 381 and player wesley already exists in DB
2020-12-04 22:30:43,275-INFO-FILE:AtpClasses.py-FUNC:_save_into_table_champion-LINE:484-Player wesley koolhof already saved as the winner of tournament Doha.
2020-12-04 22:30:43,347-INFO-FILE:AtpClasses.py-FUNC:tournament_data-LINE:582-Scraping tournament of type: atpgs
2020-12-04 22:30:43,557-INFO-FILE:AtpClasses.py-FUNC:_check_tournament_exist-LINE:553-This tournament: Adelaide - 2020 was already scraped before, and is '
                                        already located in the DB
2020-12-04 22:30:43,560-INFO-FILE:AtpClasses.py-FUNC:check_player_exist-LINE:265-andrey rublev already exists in players table.
2020-12-04 22:30:43,563-INFO-FILE:AtpClasses.py-FUNC:check_player_exist-LINE:265-andrey rublev already exists in players table.
2020-12-04 22:30:43,567-INFO-FILE:AtpClasses.py-FUNC:check_champ_exists-LINE:243-Tournament 382 and player andrey already exists in DB
2020-12-04 22:30:43,567-INFO-FILE:AtpClasses.py-FUNC:_save_into_table_champion-LINE:484-Player andrey rublev already saved as the winner of tournament Adelaide.
2020-12-04 22:30:49,263-INFO-FILE:AtpClasses.py-FUNC:save_into_table-LINE:226-Added maximo gonzalez into the DB
2020-12-04 22:30:49,278-INFO-FILE:AtpClasses.py-FUNC:_save_into_table_champion-LINE:480-Updated champions table successfully!
2020-12-04 22:30:55,058-INFO-FILE:AtpClasses.py-FUNC:save_into_table-LINE:226-Added fabrice martin into the DB
2020-12-04 22:30:55,067-INFO-FILE:AtpClasses.py-FUNC:_save_into_table_champion-LINE:480-Updated champions table successfully!
2020-12-04 22:30:55,161-INFO-FILE:AtpClasses.py-FUNC:tournament_data-LINE:582-Scraping tournament of type: atpgs
2020-12-04 22:30:55,357-INFO-FILE:AtpClasses.py-FUNC:_save_into_table-LINE:518-Scraped tournament Auckland - 2020 and updated DB successfully!
2020-12-04 22:31:01,704-INFO-FILE:AtpClasses.py-FUNC:save_into_table-LINE:226-Added ugo humbert into the DB
2020-12-04 22:31:01,709-INFO-FILE:AtpClasses.py-FUNC:_save_into_table_champion-LINE:480-Updated champions table successfully!
2020-12-04 22:31:08,622-INFO-FILE:AtpClasses.py-FUNC:save_into_table-LINE:226-Added luke bambridge into the DB
2020-12-04 22:31:08,627-INFO-FILE:AtpClasses.py-FUNC:_save_into_table_champion-LINE:480-Updated champions table successfully!
2020-12-04 22:31:21,041-INFO-FILE:AtpClasses.py-FUNC:save_into_table-LINE:226-Added ben mclachlan into the DB
2020-12-04 22:31:21,049-INFO-FILE:AtpClasses.py-FUNC:_save_into_table_champion-LINE:480-Updated champions table successfully!
2020-12-04 22:31:21,154-INFO-FILE:AtpClasses.py-FUNC:tournament_data-LINE:582-Scraping tournament of type: atpgs
2020-12-04 22:31:21,234-ERROR-FILE:AtpClasses.py-FUNC:_set_tournament_detail-LINE:439-couldn't get tournament's prize money
2020-12-04 22:31:21,374-INFO-FILE:AtpClasses.py-FUNC:_save_into_table-LINE:518-Scraped tournament Australian Open - 2020 and updated DB successfully!
2020-12-04 22:31:27,224-INFO-FILE:AtpClasses.py-FUNC:save_into_table-LINE:226-Added novak djokovic into the DB
2020-12-04 22:31:27,234-INFO-FILE:AtpClasses.py-FUNC:_save_into_table_champion-LINE:480-Updated champions table successfully!
2020-12-04 22:31:33,868-INFO-FILE:AtpClasses.py-FUNC:save_into_table-LINE:226-Added rajeev ram into the DB
2020-12-04 22:31:33,873-INFO-FILE:AtpClasses.py-FUNC:_save_into_table_champion-LINE:480-Updated champions table successfully!
2020-12-04 22:31:40,860-INFO-FILE:AtpClasses.py-FUNC:save_into_table-LINE:226-Added joe salisbury into the DB
2020-12-04 22:31:40,868-INFO-FILE:AtpClasses.py-FUNC:_save_into_table_champion-LINE:480-Updated champions table successfully!
2020-12-04 22:31:40,978-INFO-FILE:AtpClasses.py-FUNC:tournament_data-LINE:582-Scraping tournament of type: atpgs
2020-12-04 22:31:41,192-INFO-FILE:AtpClasses.py-FUNC:_save_into_table-LINE:518-Scraped tournament Cordoba - 2020 and updated DB successfully!
2020-12-04 22:31:48,059-INFO-FILE:AtpClasses.py-FUNC:save_into_table-LINE:226-Added cristian garin into the DB
2020-12-04 22:31:48,069-INFO-FILE:AtpClasses.py-FUNC:_save_into_table_champion-LINE:480-Updated champions table successfully!
2020-12-04 22:31:53,644-WARNING-FILE:AtpClasses.py-FUNC:_set_player_turnedpro-LINE:316-couldn't find the date the player turned pro..
2020-12-04 22:31:53,745-INFO-FILE:AtpClasses.py-FUNC:save_into_table-LINE:226-Added marcelo demoliner into the DB
2020-12-04 22:31:53,752-INFO-FILE:AtpClasses.py-FUNC:_save_into_table_champion-LINE:480-Updated champions table successfully!
2020-12-04 22:31:59,149-INFO-FILE:AtpClasses.py-FUNC:save_into_table-LINE:226-Added matwe middelkoop into the DB
2020-12-04 22:31:59,157-INFO-FILE:AtpClasses.py-FUNC:_save_into_table_champion-LINE:480-Updated champions table successfully!
2020-12-04 22:31:59,285-INFO-FILE:AtpClasses.py-FUNC:tournament_data-LINE:582-Scraping tournament of type: atpgs
2020-12-04 22:31:59,504-INFO-FILE:AtpClasses.py-FUNC:_save_into_table-LINE:518-Scraped tournament Pune - 2020 and updated DB successfully!
2020-12-04 22:32:05,881-INFO-FILE:AtpClasses.py-FUNC:save_into_table-LINE:226-Added jiri vesely into the DB
2020-12-04 22:32:05,887-INFO-FILE:AtpClasses.py-FUNC:_save_into_table_champion-LINE:480-Updated champions table successfully!
2020-12-04 22:32:24,510-WARNING-FILE:AtpClasses.py-FUNC:_set_player_turnedpro-LINE:316-couldn't find the date the player turned pro..
2020-12-04 22:32:24,618-INFO-FILE:AtpClasses.py-FUNC:save_into_table-LINE:226-Added andre goransson into the DB
2020-12-04 22:32:24,628-INFO-FILE:AtpClasses.py-FUNC:_save_into_table_champion-LINE:480-Updated champions table successfully!
2020-12-04 22:32:31,191-INFO-FILE:AtpClasses.py-FUNC:save_into_table-LINE:226-Added christopher rungkat into the DB
2020-12-04 22:32:31,199-INFO-FILE:AtpClasses.py-FUNC:_save_into_table_champion-LINE:480-Updated champions table successfully!
2020-12-04 22:32:31,303-INFO-FILE:AtpClasses.py-FUNC:tournament_data-LINE:582-Scraping tournament of type: atpgs
2020-12-04 22:32:31,526-INFO-FILE:AtpClasses.py-FUNC:_save_into_table-LINE:518-Scraped tournament Montpellier - 2020 and updated DB successfully!
